#options: 760x578 fps=30/1 cabac=1 ref=1 deblock=1:0:0 analyse=0x1:0x131 me=umh subme=6 psy_rd=1.0:0.0 mixed_ref=0 me_range=16 chroma_me=1 trellis=1 8x8dct=0 cqm=0 deadzone=21,11 chroma_qp_offset=-2 threads=1 nr=0 decimate=1 mbaff=0 bframes=1 b_pyramid=0 b_adapt=1 b_bias=0 direct=3 wpredb=0 keyint=300 keyint_min=25 scenecut=40 rc=abr bitrate=1000 ratetol=1.0 qcomp=0.70 qpmin=10 qpmax=51 qpstep=4 ip_ratio=1.40 pb_ratio=1.30 aq=1:1.00
in:0 out:0 type:I q:33.76 tex:56811 mv:30796 misc:4697 imb:1776 pmb:0 smb:0 d:-;
in:2 out:1 type:P q:37.49 tex:2873 mv:7447 misc:1664 imb:108 pmb:602 smb:1066 d:-;
in:1 out:2 type:b q:39.76 tex:720 mv:1645 misc:579 imb:16 pmb:142 smb:1617 d:t;
in:4 out:3 type:P q:33.49 tex:12456 mv:14132 misc:1708 imb:142 pmb:957 smb:677 d:t;
in:3 out:4 type:b q:37.76 tex:1348 mv:3308 misc:1112 imb:27 pmb:327 smb:1418 d:s;
in:6 out:5 type:P q:30.74 tex:29958 mv:19541 misc:1405 imb:177 pmb:1205 smb:394 d:s;
in:5 out:6 type:b q:34.39 tex:3027 mv:4781 misc:1272 imb:33 pmb:385 smb:1349 d:t;
in:8 out:7 type:P q:30.37 tex:25788 mv:18900 misc:1528 imb:148 pmb:1192 smb:436 d:t;
in:7 out:8 type:b q:32.83 tex:5235 mv:9203 misc:1338 imb:48 pmb:1004 smb:712 d:s;
in:10 out:9 type:P q:30.22 tex:29834 mv:21522 misc:1356 imb:151 pmb:1245 smb:380 d:s;
in:9 out:10 type:b q:32.57 tex:4748 mv:6757 misc:1527 imb:49 pmb:483 smb:1229 d:s;
in:12 out:11 type:P q:30.18 tex:30407 mv:22004 misc:1357 imb:164 pmb:1232 smb:380 d:s;
in:11 out:12 type:b q:32.47 tex:5418 mv:6923 misc:1435 imb:63 pmb:488 smb:1212 d:s;
in:14 out:13 type:P q:30.24 tex:30609 mv:24482 misc:1285 imb:180 pmb:1258 smb:338 d:s;
in:13 out:14 type:b q:32.48 tex:5758 mv:6731 misc:1423 imb:77 pmb:455 smb:1232 d:s;
in:16 out:15 type:P q:30.41 tex:32323 mv:24325 misc:1240 imb:155 pmb:1308 smb:313 d:s;
in:15 out:16 type:b q:32.60 tex:5676 mv:7274 misc:1378 imb:66 pmb:485 smb:1210 d:s;
in:18 out:17 type:P q:30.61 tex:40291 mv:26352 misc:1005 imb:268 pmb:1300 smb:208 d:s;
in:17 out:18 type:b q:32.78 tex:6763 mv:7490 misc:1307 imb:89 pmb:464 smb:1205 d:s;
in:20 out:19 type:P q:30.72 tex:29542 mv:21663 misc:1387 imb:214 pmb:1184 smb:378 d:s;
in:19 out:20 type:b q:32.94 tex:7223 mv:7940 misc:1541 imb:93 pmb:552 smb:1124 d:s;
in:22 out:21 type:P q:30.75 tex:24998 mv:21283 misc:1351 imb:190 pmb:1200 smb:386 d:s;
in:21 out:22 type:b q:33.01 tex:5304 mv:7309 misc:1491 imb:75 pmb:531 smb:1160 d:s;
in:24 out:23 type:P q:30.63 tex:25912 mv:20995 misc:1437 imb:144 pmb:1243 smb:389 d:s;
in:23 out:24 type:b q:32.96 tex:4415 mv:7214 misc:1475 imb:56 pmb:527 smb:1185 d:s;
in:25 out:25 type:P q:30.50 tex:28301 mv:20456 misc:1235 imb:94 pmb:1400 smb:282 d:s;
in:27 out:26 type:P q:30.77 tex:37105 mv:25987 misc:892 imb:144 pmb:1438 smb:194 d:s;
in:26 out:27 type:b q:32.90 tex:3976 mv:7791 misc:1505 imb:51 pmb:543 smb:1174 d:s;
in:29 out:28 type:P q:30.84 tex:23712 mv:19685 misc:1435 imb:87 pmb:1275 smb:414 d:s;
in:28 out:29 type:b q:33.07 tex:2923 mv:6552 misc:1509 imb:46 pmb:525 smb:1202 d:t;
in:31 out:30 type:P q:30.70 tex:25564 mv:20772 misc:1424 imb:66 pmb:1312 smb:398 d:s;
in:30 out:31 type:b q:33.04 tex:3887 mv:7374 misc:1563 imb:41 pmb:571 smb:1159 d:s;
in:32 out:32 type:P q:30.49 tex:22629 mv:17670 misc:1541 imb:66 pmb:1282 smb:428 d:s;
in:34 out:33 type:P q:30.68 tex:29908 mv:24043 misc:1225 imb:96 pmb:1404 smb:276 d:s;
in:33 out:34 type:b q:32.86 tex:5278 mv:8378 misc:1656 imb:64 pmb:594 smb:1108 d:s;
in:35 out:35 type:P q:30.63 tex:21047 mv:16997 misc:1492 imb:49 pmb:1312 smb:415 d:s;
in:36 out:36 type:P q:30.53 tex:21956 mv:16492 misc:1496 imb:57 pmb:1274 smb:445 d:s;
in:37 out:37 type:P q:30.51 tex:21025 mv:16159 misc:1528 imb:71 pmb:1260 smb:445 d:s;
in:38 out:38 type:P q:30.53 tex:19835 mv:16719 misc:1534 imb:65 pmb:1291 smb:420 d:s;
in:40 out:39 type:P q:30.72 tex:26394 mv:22683 misc:1147 imb:104 pmb:1409 smb:263 d:s;
in:39 out:40 type:b q:32.90 tex:4156 mv:8217 misc:1675 imb:60 pmb:616 smb:1092 d:t;
in:41 out:41 type:P q:30.60 tex:18137 mv:15180 misc:1595 imb:72 pmb:1215 smb:489 d:s;
in:42 out:42 type:P q:30.92 tex:29736 mv:22575 misc:1049 imb:118 pmb:1434 smb:224 d:s;
in:44 out:43 type:P q:31.15 tex:28690 mv:22253 misc:1065 imb:82 pmb:1446 smb:248 d:s;
in:43 out:44 type:b q:33.31 tex:4267 mv:8039 misc:1686 imb:62 pmb:612 smb:1091 d:s;
in:45 out:45 type:P q:31.09 tex:16974 mv:17541 misc:1525 imb:51 pmb:1248 smb:477 d:s;
in:47 out:46 type:P q:31.15 tex:27089 mv:25254 misc:1145 imb:158 pmb:1329 smb:289 d:s;
in:46 out:47 type:b q:33.39 tex:6304 mv:9899 misc:1669 imb:106 pmb:646 smb:1013 d:s;
in:49 out:48 type:P q:31.26 tex:26239 mv:24547 misc:1134 imb:157 pmb:1345 smb:274 d:s;
in:48 out:49 type:b q:33.48 tex:5781 mv:9905 misc:1674 imb:123 pmb:631 smb:1013 d:s;
in:51 out:50 type:P q:31.41 tex:29309 mv:26177 misc:1018 imb:187 pmb:1372 smb:217 d:s;
in:50 out:51 type:b q:33.61 tex:6760 mv:9304 misc:1624 imb:130 pmb:614 smb:1025 d:s;
in:52 out:52 type:P q:31.33 tex:21994 mv:20460 misc:1362 imb:92 pmb:1324 smb:360 d:s;
in:53 out:53 type:P q:31.25 tex:24185 mv:19962 misc:1341 imb:88 pmb:1342 smb:346 d:s;
in:55 out:54 type:P q:31.50 tex:27157 mv:25142 misc:1189 imb:172 pmb:1349 smb:255 d:s;
in:54 out:55 type:b q:33.64 tex:7876 mv:10669 misc:1639 imb:141 pmb:736 smb:892 d:t;
in:57 out:56 type:P q:31.76 tex:28518 mv:24440 misc:1106 imb:182 pmb:1351 smb:243 d:s;
in:56 out:57 type:b q:33.90 tex:6157 mv:10085 misc:1710 imb:120 pmb:690 smb:960 d:t;
in:58 out:58 type:P q:31.72 tex:23334 mv:21171 misc:1303 imb:125 pmb:1325 smb:326 d:s;
in:59 out:59 type:P q:31.69 tex:23635 mv:20219 misc:1306 imb:115 pmb:1333 smb:328 d:s;
in:61 out:60 type:P q:31.97 tex:26038 mv:27111 misc:995 imb:109 pmb:1470 smb:197 d:s;
in:60 out:61 type:b q:34.10 tex:5467 mv:10167 misc:1670 imb:128 pmb:640 smb:998 d:s;
in:62 out:62 type:P q:32.06 tex:24678 mv:22906 misc:1184 imb:90 pmb:1419 smb:267 d:s;
in:63 out:63 type:P q:32.05 tex:23067 mv:21760 misc:1221 imb:87 pmb:1390 smb:299 d:s;
in:64 out:64 type:P q:32.31 tex:29907 mv:24282 misc:1099 imb:158 pmb:1392 smb:226 d:s;
in:65 out:65 type:P q:32.45 tex:25191 mv:23047 misc:1202 imb:126 pmb:1371 smb:279 d:s;
in:66 out:66 type:P q:32.53 tex:24247 mv:22445 misc:1236 imb:91 pmb:1415 smb:270 d:s;
in:67 out:67 type:P q:32.81 tex:24342 mv:23905 misc:1209 imb:137 pmb:1346 smb:293 d:s;
in:68 out:68 type:P q:32.80 tex:21803 mv:20852 misc:1369 imb:84 pmb:1308 smb:384 d:s;
in:69 out:69 type:P q:32.86 tex:22583 mv:20471 misc:1282 imb:103 pmb:1339 smb:334 d:s;
in:70 out:70 type:P q:32.86 tex:19947 mv:19595 misc:1426 imb:86 pmb:1275 smb:415 d:s;
in:71 out:71 type:P q:32.89 tex:17792 mv:18900 misc:1500 imb:98 pmb:1245 smb:433 d:s;
in:72 out:72 type:P q:32.93 tex:18047 mv:18862 misc:1499 imb:88 pmb:1257 smb:431 d:s;
in:74 out:73 type:P q:33.36 tex:26158 mv:25656 misc:1090 imb:192 pmb:1309 smb:275 d:s;
in:73 out:74 type:b q:35.42 tex:6865 mv:10330 misc:1629 imb:137 pmb:661 smb:971 d:s;
in:75 out:75 type:P q:33.17 tex:14802 mv:18367 misc:1535 imb:68 pmb:1230 smb:478 d:s;
in:76 out:76 type:P q:33.07 tex:20356 mv:19737 misc:1411 imb:107 pmb:1275 smb:394 d:s;
in:77 out:77 type:P q:33.08 tex:18450 mv:18893 misc:1449 imb:104 pmb:1212 smb:460 d:s;
in:78 out:78 type:P q:33.16 tex:20148 mv:19847 misc:1397 imb:83 pmb:1304 smb:389 d:s;
in:80 out:79 type:P q:33.44 tex:25086 mv:24262 misc:1148 imb:232 pmb:1246 smb:298 d:s;
in:79 out:80 type:b q:35.57 tex:6815 mv:10577 misc:1576 imb:106 pmb:681 smb:984 d:t;
in:81 out:81 type:P q:33.38 tex:19904 mv:19290 misc:1374 imb:115 pmb:1255 smb:406 d:s;
in:82 out:82 type:P q:33.25 tex:17160 mv:17804 misc:1436 imb:102 pmb:1228 smb:446 d:s;
in:83 out:83 type:P q:33.23 tex:18201 mv:19359 misc:1408 imb:112 pmb:1241 smb:423 d:s;
in:85 out:84 type:P q:33.49 tex:24958 mv:24668 misc:1166 imb:211 pmb:1268 smb:297 d:s;
in:84 out:85 type:b q:35.63 tex:7166 mv:10893 misc:1581 imb:164 pmb:701 smb:901 d:s;
in:86 out:86 type:P q:33.44 tex:18652 mv:19715 misc:1385 imb:122 pmb:1241 smb:413 d:s;
in:88 out:87 type:P q:33.63 tex:25367 mv:24132 misc:1213 imb:159 pmb:1296 smb:321 d:s;
in:87 out:88 type:b q:35.81 tex:7046 mv:10287 misc:1611 imb:127 pmb:681 smb:958 d:s;
in:89 out:89 type:P q:33.62 tex:19890 mv:19676 misc:1410 imb:122 pmb:1228 smb:426 d:s;
in:90 out:90 type:P q:33.54 tex:16914 mv:18581 misc:1481 imb:89 pmb:1223 smb:464 d:s;
in:91 out:91 type:P q:33.52 tex:19909 mv:19766 misc:1453 imb:94 pmb:1249 smb:433 d:s;
in:92 out:92 type:P q:33.59 tex:19791 mv:20502 misc:1427 imb:106 pmb:1257 smb:413 d:s;
in:93 out:93 type:P q:33.66 tex:20350 mv:19392 misc:1450 imb:139 pmb:1203 smb:434 d:s;
in:94 out:94 type:P q:33.66 tex:18980 mv:19345 misc:1411 imb:104 pmb:1252 smb:420 d:s;
in:96 out:95 type:P q:34.06 tex:26159 mv:25275 misc:1126 imb:228 pmb:1242 smb:306 d:s;
in:95 out:96 type:b q:36.13 tex:5737 mv:9703 misc:1576 imb:102 pmb:617 smb:1051 d:s;
in:97 out:97 type:P q:34.04 tex:19273 mv:19729 misc:1406 imb:120 pmb:1237 smb:419 d:s;
in:98 out:98 type:P q:33.95 tex:20194 mv:19302 misc:1368 imb:123 pmb:1232 smb:421 d:s;
in:99 out:99 type:P q:33.84 tex:18238 mv:18616 misc:1434 imb:97 pmb:1227 smb:452 d:s;
in:100 out:100 type:P q:33.70 tex:17828 mv:17641 misc:1467 imb:72 pmb:1240 smb:464 d:s;
in:101 out:101 type:P q:33.74 tex:20348 mv:19373 misc:1295 imb:91 pmb:1293 smb:392 d:s;
in:102 out:102 type:P q:33.63 tex:17307 mv:17228 misc:1489 imb:68 pmb:1266 smb:442 d:s;
in:103 out:103 type:P q:33.66 tex:17526 mv:17354 misc:1448 imb:72 pmb:1259 smb:445 d:s;
in:104 out:104 type:P q:33.64 tex:20077 mv:17706 misc:1409 imb:64 pmb:1285 smb:427 d:s;
in:105 out:105 type:P q:33.57 tex:14414 mv:16316 misc:1502 imb:54 pmb:1268 smb:454 d:s;
in:106 out:106 type:P q:33.43 tex:12948 mv:15224 misc:1596 imb:60 pmb:1181 smb:535 d:s;
in:107 out:107 type:P q:33.27 tex:12950 mv:14654 misc:1532 imb:66 pmb:1172 smb:538 d:s;
in:109 out:108 type:P q:33.34 tex:16446 mv:19295 misc:1315 imb:125 pmb:1286 smb:365 d:s;
in:108 out:109 type:b q:35.58 tex:3178 mv:7228 misc:1514 imb:80 pmb:556 smb:1129 d:t;
in:111 out:110 type:P q:33.23 tex:15493 mv:17895 misc:1364 imb:133 pmb:1251 smb:392 d:s;
in:110 out:111 type:b q:35.56 tex:2686 mv:6651 misc:1535 imb:76 pmb:551 smb:1148 d:t;
in:112 out:112 type:P q:32.93 tex:12482 mv:14758 misc:1552 imb:76 pmb:1168 smb:532 d:s;
in:113 out:113 type:P q:32.73 tex:12615 mv:15339 misc:1494 imb:80 pmb:1180 smb:516 d:s;
in:114 out:114 type:P q:32.58 tex:12367 mv:14812 misc:1517 imb:60 pmb:1194 smb:522 d:s;
in:115 out:115 type:P q:32.48 tex:12484 mv:14208 misc:1612 imb:82 pmb:1121 smb:573 d:s;
in:116 out:116 type:P q:32.47 tex:12068 mv:15344 misc:1540 imb:113 pmb:1153 smb:510 d:s;
in:117 out:117 type:P q:32.43 tex:13509 mv:16443 misc:1536 imb:134 pmb:1154 smb:488 d:s;
in:118 out:118 type:P q:32.51 tex:14574 mv:16915 misc:1527 imb:143 pmb:1121 smb:512 d:s;
in:119 out:119 type:P q:32.49 tex:14936 mv:17947 misc:1413 imb:127 pmb:1224 smb:425 d:s;
in:120 out:120 type:P q:32.46 tex:13936 mv:16184 misc:1520 imb:144 pmb:1113 smb:519 d:s;
in:121 out:121 type:P q:32.39 tex:13699 mv:16472 misc:1533 imb:148 pmb:1129 smb:499 d:s;
in:122 out:122 type:P q:32.44 tex:12576 mv:16213 misc:1579 imb:122 pmb:1143 smb:511 d:s;
in:123 out:123 type:P q:32.43 tex:15544 mv:16301 misc:1475 imb:154 pmb:1147 smb:475 d:s;
in:124 out:124 type:P q:32.54 tex:16367 mv:16033 misc:1520 imb:145 pmb:1126 smb:505 d:s;
in:125 out:125 type:P q:32.56 tex:15977 mv:17540 misc:1499 imb:153 pmb:1175 smb:448 d:s;
in:126 out:126 type:P q:32.68 tex:15429 mv:17168 misc:1435 imb:125 pmb:1196 smb:455 d:s;
in:127 out:127 type:P q:32.87 tex:16863 mv:17031 misc:1410 imb:189 pmb:1172 smb:415 d:s;
in:128 out:128 type:P q:32.94 tex:17228 mv:17706 misc:1386 imb:206 pmb:1178 smb:392 d:s;
in:129 out:129 type:P q:33.06 tex:18393 mv:17961 misc:1326 imb:206 pmb:1203 smb:367 d:s;
in:130 out:130 type:P q:33.29 tex:19507 mv:18586 misc:1227 imb:236 pmb:1266 smb:274 d:s;
in:131 out:131 type:P q:33.43 tex:18094 mv:17687 misc:1331 imb:185 pmb:1245 smb:346 d:s;
in:132 out:132 type:P q:33.36 tex:17612 mv:16936 misc:1340 imb:137 pmb:1303 smb:336 d:s;
in:133 out:133 type:P q:33.35 tex:17920 mv:17277 misc:1363 imb:165 pmb:1278 smb:333 d:s;
in:134 out:134 type:P q:33.58 tex:17840 mv:16845 misc:1379 imb:148 pmb:1262 smb:366 d:s;
in:135 out:135 type:P q:33.62 tex:20781 mv:19505 misc:1306 imb:181 pmb:1259 smb:336 d:s;
in:136 out:136 type:P q:33.82 tex:18825 mv:17861 misc:1394 imb:168 pmb:1243 smb:365 d:s;
in:137 out:137 type:P q:33.80 tex:20636 mv:19187 misc:1369 imb:195 pmb:1202 smb:379 d:s;
in:138 out:138 type:P q:33.84 tex:20392 mv:19213 misc:1299 imb:199 pmb:1222 smb:355 d:s;
in:139 out:139 type:P q:33.88 tex:22780 mv:19358 misc:1222 imb:220 pmb:1244 smb:312 d:s;
in:140 out:140 type:P q:33.95 tex:21741 mv:19437 misc:1302 imb:175 pmb:1251 smb:350 d:s;
in:141 out:141 type:P q:34.01 tex:20234 mv:18595 misc:1355 imb:102 pmb:1284 smb:390 d:s;
in:142 out:142 type:P q:34.25 tex:20185 mv:19286 misc:1289 imb:100 pmb:1326 smb:350 d:s;
in:143 out:143 type:P q:34.42 tex:20132 mv:18532 misc:1392 imb:161 pmb:1225 smb:390 d:s;
in:144 out:144 type:P q:34.25 tex:19737 mv:18968 misc:1343 imb:141 pmb:1237 smb:398 d:s;
in:145 out:145 type:P q:34.14 tex:18240 mv:19157 misc:1299 imb:203 pmb:1240 smb:333 d:s;
in:146 out:146 type:P q:34.16 tex:19291 mv:19646 misc:1263 imb:196 pmb:1274 smb:306 d:s;
in:147 out:147 type:P q:34.17 tex:19112 mv:19891 misc:1301 imb:170 pmb:1273 smb:333 d:s;
in:148 out:148 type:P q:34.20 tex:20062 mv:18968 misc:1322 imb:168 pmb:1271 smb:337 d:s;
in:149 out:149 type:P q:34.59 tex:25734 mv:22409 misc:1265 imb:322 pmb:1130 smb:324 d:s;
in:150 out:150 type:P q:34.77 tex:17658 mv:17865 misc:1461 imb:137 pmb:1245 smb:394 d:s;
in:151 out:151 type:P q:34.64 tex:18251 mv:18213 misc:1424 imb:137 pmb:1228 smb:411 d:s;
in:152 out:152 type:P q:34.69 tex:17185 mv:18029 misc:1466 imb:128 pmb:1165 smb:483 d:s;
in:153 out:153 type:P q:34.63 tex:18943 mv:18110 misc:1403 imb:153 pmb:1138 smb:485 d:s;
in:154 out:154 type:P q:34.41 tex:19232 mv:17441 misc:1431 imb:144 pmb:1160 smb:472 d:s;
in:155 out:155 type:P q:34.32 tex:17256 mv:17338 misc:1582 imb:95 pmb:1150 smb:531 d:s;
in:156 out:156 type:P q:34.25 tex:16546 mv:16149 misc:1537 imb:95 pmb:1144 smb:537 d:s;
in:157 out:157 type:P q:34.16 tex:15338 mv:16130 misc:1540 imb:67 pmb:1167 smb:542 d:s;
in:158 out:158 type:P q:33.98 tex:15153 mv:14883 misc:1676 imb:69 pmb:1107 smb:600 d:s;
in:159 out:159 type:P q:33.88 tex:16408 mv:14514 misc:1630 imb:89 pmb:1104 smb:583 d:s;
in:160 out:160 type:P q:33.81 tex:14706 mv:14182 misc:1688 imb:84 pmb:1075 smb:617 d:s;
in:161 out:161 type:P q:33.69 tex:13896 mv:14609 misc:1687 imb:68 pmb:1078 smb:630 d:s;
in:162 out:162 type:P q:33.64 tex:13517 mv:14901 misc:1694 imb:78 pmb:1104 smb:594 d:s;
in:163 out:163 type:P q:33.52 tex:13584 mv:14393 misc:1663 imb:64 pmb:1107 smb:605 d:s;
in:164 out:164 type:P q:33.49 tex:12846 mv:14764 misc:1718 imb:59 pmb:1081 smb:636 d:s;
in:166 out:165 type:P q:33.81 tex:18729 mv:19565 misc:1434 imb:198 pmb:1127 smb:451 d:s;
in:165 out:166 type:b q:35.92 tex:2853 mv:5578 misc:1305 imb:54 pmb:407 smb:1308 d:t;
in:168 out:167 type:P q:33.91 tex:17852 mv:18752 misc:1396 imb:185 pmb:1132 smb:459 d:s;
in:167 out:168 type:b q:36.13 tex:2612 mv:5133 misc:1295 imb:62 pmb:367 smb:1343 d:t;
in:169 out:169 type:P q:33.64 tex:11978 mv:14356 misc:1674 imb:66 pmb:1104 smb:606 d:s;
in:171 out:170 type:P q:33.84 tex:19445 mv:20202 misc:1353 imb:182 pmb:1196 smb:398 d:s;
in:170 out:171 type:b q:36.01 tex:2569 mv:5591 misc:1336 imb:70 pmb:385 smb:1316 d:s;
in:172 out:172 type:P q:33.65 tex:13539 mv:14954 misc:1603 imb:79 pmb:1120 smb:577 d:s;
in:173 out:173 type:P q:33.53 tex:15885 mv:15372 misc:1551 imb:87 pmb:1158 smb:531 d:s;
in:174 out:174 type:P q:33.42 tex:14799 mv:14976 misc:1577 imb:55 pmb:1151 smb:570 d:s;
in:175 out:175 type:P q:33.29 tex:14241 mv:14479 misc:1592 imb:60 pmb:1147 smb:569 d:s;
in:176 out:176 type:P q:33.30 tex:13218 mv:13960 misc:1598 imb:57 pmb:1093 smb:626 d:s;
in:177 out:177 type:P q:33.29 tex:14900 mv:14314 misc:1562 imb:73 pmb:1126 smb:577 d:s;
in:178 out:178 type:P q:33.31 tex:15243 mv:15240 misc:1533 imb:74 pmb:1157 smb:545 d:s;
in:179 out:179 type:P q:33.37 tex:14789 mv:15973 misc:1542 imb:75 pmb:1176 smb:525 d:s;
in:180 out:180 type:P q:33.39 tex:15720 mv:15811 misc:1565 imb:58 pmb:1200 smb:518 d:s;
in:181 out:181 type:P q:33.44 tex:15536 mv:16384 misc:1520 imb:72 pmb:1188 smb:516 d:s;
in:182 out:182 type:P q:33.47 tex:16284 mv:16073 misc:1483 imb:77 pmb:1179 smb:520 d:s;
in:183 out:183 type:P q:33.51 tex:16055 mv:16384 misc:1513 imb:69 pmb:1176 smb:531 d:s;
in:184 out:184 type:P q:33.54 tex:16472 mv:16511 misc:1513 imb:79 pmb:1186 smb:511 d:s;
in:185 out:185 type:P q:33.56 tex:16755 mv:16112 misc:1477 imb:70 pmb:1212 smb:494 d:s;
in:186 out:186 type:P q:33.58 tex:17199 mv:16936 misc:1481 imb:63 pmb:1229 smb:484 d:s;
in:187 out:187 type:P q:33.60 tex:16735 mv:17164 misc:1493 imb:86 pmb:1213 smb:477 d:s;
in:188 out:188 type:P q:33.59 tex:16074 mv:16060 misc:1586 imb:67 pmb:1174 smb:535 d:s;
in:189 out:189 type:P q:33.54 tex:14095 mv:14973 misc:1580 imb:82 pmb:1098 smb:596 d:s;
in:190 out:190 type:P q:33.61 tex:15509 mv:16586 misc:1561 imb:93 pmb:1122 smb:561 d:s;
in:191 out:191 type:P q:33.68 tex:16324 mv:16753 misc:1515 imb:97 pmb:1142 smb:537 d:s;
in:192 out:192 type:P q:33.73 tex:17033 mv:16750 misc:1433 imb:101 pmb:1167 smb:508 d:s;
in:193 out:193 type:P q:33.88 tex:19497 mv:17210 misc:1429 imb:113 pmb:1161 smb:502 d:s;
in:194 out:194 type:P q:33.82 tex:14738 mv:16202 misc:1492 imb:75 pmb:1164 smb:537 d:s;
in:195 out:195 type:P q:33.81 tex:17267 mv:16924 misc:1505 imb:92 pmb:1169 smb:515 d:s;
in:196 out:196 type:P q:33.81 tex:16672 mv:16044 misc:1500 imb:86 pmb:1141 smb:549 d:s;
in:197 out:197 type:P q:33.81 tex:18880 mv:17394 misc:1374 imb:122 pmb:1165 smb:489 d:s;
in:198 out:198 type:P q:33.85 tex:20390 mv:18185 misc:1345 imb:98 pmb:1195 smb:483 d:s;
in:199 out:199 type:P q:33.85 tex:18765 mv:17275 misc:1392 imb:62 pmb:1190 smb:524 d:s;
in:200 out:200 type:P q:33.82 tex:17050 mv:16507 misc:1387 imb:79 pmb:1160 smb:537 d:s;
in:201 out:201 type:P q:33.91 tex:19521 mv:17311 misc:1400 imb:84 pmb:1170 smb:522 d:s;
in:202 out:202 type:P q:34.01 tex:20632 mv:18306 misc:1310 imb:109 pmb:1231 smb:436 d:s;
in:203 out:203 type:P q:34.09 tex:21098 mv:18916 misc:1338 imb:92 pmb:1259 smb:425 d:s;
in:204 out:204 type:P q:34.07 tex:18042 mv:16629 misc:1497 imb:101 pmb:1165 smb:510 d:s;
in:205 out:205 type:P q:34.00 tex:18008 mv:15989 misc:1411 imb:75 pmb:1181 smb:520 d:s;
in:206 out:206 type:P q:34.01 tex:16474 mv:15818 misc:1420 imb:57 pmb:1117 smb:602 d:s;
in:207 out:207 type:P q:34.00 tex:13929 mv:15448 misc:1471 imb:50 pmb:1120 smb:606 d:s;
in:208 out:208 type:P q:34.10 tex:14763 mv:14990 misc:1591 imb:77 pmb:1097 smb:602 d:s;
in:209 out:209 type:P q:34.17 tex:14306 mv:15873 misc:1493 imb:67 pmb:1117 smb:592 d:s;
in:210 out:210 type:P q:34.31 tex:16146 mv:16906 misc:1580 imb:75 pmb:1110 smb:591 d:s;
in:211 out:211 type:P q:34.41 tex:17735 mv:17737 misc:1448 imb:100 pmb:1123 smb:553 d:s;
in:212 out:212 type:P q:34.53 tex:19814 mv:19074 misc:1352 imb:133 pmb:1188 smb:455 d:s;
in:213 out:213 type:P q:34.61 tex:22882 mv:20860 misc:1250 imb:178 pmb:1221 smb:377 d:s;
in:214 out:214 type:P q:34.57 tex:20384 mv:20499 misc:1285 imb:142 pmb:1221 smb:413 d:s;
in:215 out:215 type:P q:34.52 tex:17472 mv:18607 misc:1409 imb:105 pmb:1178 smb:493 d:s;
in:216 out:216 type:P q:34.42 tex:14675 mv:17245 misc:1504 imb:66 pmb:1169 smb:541 d:s;
in:217 out:217 type:P q:34.37 tex:15195 mv:16543 misc:1494 imb:89 pmb:1129 smb:558 d:s;
in:218 out:218 type:P q:34.29 tex:15004 mv:15916 misc:1520 imb:100 pmb:1110 smb:566 d:s;
in:219 out:219 type:P q:34.21 tex:13711 mv:14560 misc:1561 imb:74 pmb:1125 smb:577 d:s;
in:220 out:220 type:P q:34.18 tex:12403 mv:15161 misc:1620 imb:74 pmb:1112 smb:590 d:s;
in:221 out:221 type:P q:34.21 tex:12619 mv:15570 misc:1571 imb:65 pmb:1150 smb:561 d:s;
in:222 out:222 type:P q:34.31 tex:14659 mv:16155 misc:1594 imb:59 pmb:1127 smb:590 d:s;
in:223 out:223 type:P q:34.33 tex:14268 mv:15400 misc:1620 imb:67 pmb:1117 smb:592 d:s;
in:224 out:224 type:P q:34.28 tex:14304 mv:15331 misc:1589 imb:75 pmb:1139 smb:562 d:s;
in:225 out:225 type:P q:34.24 tex:14469 mv:15763 misc:1600 imb:75 pmb:1127 smb:574 d:s;
in:226 out:226 type:P q:34.22 tex:15244 mv:15395 misc:1633 imb:62 pmb:1121 smb:593 d:s;
in:227 out:227 type:P q:34.21 tex:15424 mv:16759 misc:1521 imb:53 pmb:1203 smb:520 d:s;
in:228 out:228 type:P q:34.21 tex:14790 mv:16430 misc:1572 imb:71 pmb:1158 smb:547 d:s;
in:229 out:229 type:P q:34.22 tex:16597 mv:17069 misc:1494 imb:93 pmb:1194 smb:489 d:s;
in:230 out:230 type:P q:34.26 tex:15518 mv:16858 misc:1504 imb:111 pmb:1133 smb:532 d:s;
in:231 out:231 type:P q:34.35 tex:15677 mv:17526 misc:1517 imb:82 pmb:1145 smb:549 d:s;
in:232 out:232 type:P q:34.61 tex:15370 mv:17941 misc:1505 imb:77 pmb:1125 smb:574 d:s;
in:233 out:233 type:P q:34.88 tex:21365 mv:21470 misc:1293 imb:162 pmb:1174 smb:440 d:s;
in:234 out:234 type:P q:34.99 tex:23297 mv:21858 misc:1189 imb:198 pmb:1179 smb:399 d:s;
in:235 out:235 type:P q:34.92 tex:18921 mv:19419 misc:1476 imb:144 pmb:1124 smb:508 d:s;
in:236 out:236 type:P q:34.89 tex:18404 mv:19398 misc:1390 imb:128 pmb:1147 smb:501 d:s;
in:237 out:237 type:P q:34.88 tex:20293 mv:19301 misc:1350 imb:134 pmb:1181 smb:461 d:s;
in:238 out:238 type:P q:34.82 tex:19131 mv:19283 misc:1330 imb:148 pmb:1170 smb:458 d:s;
in:239 out:239 type:P q:34.97 tex:21113 mv:19758 misc:1257 imb:163 pmb:1192 smb:421 d:s;
in:240 out:240 type:P q:34.94 tex:18606 mv:17617 misc:1473 imb:90 pmb:1146 smb:540 d:s;
in:241 out:241 type:P q:35.01 tex:19378 mv:18944 misc:1374 imb:105 pmb:1201 smb:470 d:s;
in:242 out:242 type:P q:35.15 tex:23402 mv:20582 misc:1216 imb:171 pmb:1218 smb:387 d:s;
in:243 out:243 type:P q:35.02 tex:16938 mv:17693 misc:1561 imb:125 pmb:1119 smb:532 d:s;
in:245 out:244 type:P q:35.16 tex:18239 mv:20922 misc:1415 imb:125 pmb:1215 smb:436 d:s;
in:244 out:245 type:b q:37.36 tex:4504 mv:8499 misc:1533 imb:82 pmb:548 smb:1136 d:t;
in:247 out:246 type:P q:35.32 tex:20524 mv:20632 misc:1428 imb:153 pmb:1172 smb:451 d:s;
in:246 out:247 type:b q:37.51 tex:4237 mv:7809 misc:1490 imb:54 pmb:502 smb:1208 d:s;
in:249 out:248 type:P q:35.33 tex:21370 mv:20869 misc:1337 imb:138 pmb:1205 smb:433 d:s;
in:248 out:249 type:b q:37.60 tex:4946 mv:7672 misc:1470 imb:83 pmb:504 smb:1181 d:t;
in:250 out:250 type:P q:34.90 tex:12636 mv:14352 misc:1644 imb:66 pmb:1074 smb:636 d:s;
in:251 out:251 type:P q:34.69 tex:13801 mv:14588 misc:1547 imb:62 pmb:1067 smb:647 d:s;
in:252 out:252 type:P q:34.62 tex:14704 mv:15690 misc:1582 imb:61 pmb:1155 smb:560 d:s;
in:253 out:253 type:P q:34.58 tex:13096 mv:15216 misc:1640 imb:76 pmb:1100 smb:600 d:s;
in:255 out:254 type:P q:34.84 tex:19444 mv:21087 misc:1405 imb:126 pmb:1196 smb:454 d:s;
in:254 out:255 type:b q:36.98 tex:4766 mv:7663 misc:1475 imb:69 pmb:512 smb:1176 d:t;
in:256 out:256 type:P q:34.64 tex:15359 mv:15146 misc:1599 imb:83 pmb:1133 smb:560 d:s;
in:257 out:257 type:P q:34.54 tex:14672 mv:16301 misc:1507 imb:84 pmb:1139 smb:553 d:s;
in:258 out:258 type:P q:34.62 tex:15657 mv:17009 misc:1510 imb:109 pmb:1106 smb:561 d:s;
in:259 out:259 type:P q:34.60 tex:15574 mv:16301 misc:1549 imb:111 pmb:1120 smb:545 d:s;
in:261 out:260 type:P q:34.93 tex:22271 mv:22081 misc:1352 imb:187 pmb:1188 smb:401 d:s;
in:260 out:261 type:b q:37.04 tex:5353 mv:9343 misc:1528 imb:90 pmb:594 smb:1083 d:s;
in:262 out:262 type:P q:34.84 tex:15297 mv:17512 misc:1535 imb:134 pmb:1081 smb:561 d:s;
in:263 out:263 type:P q:34.78 tex:16461 mv:17544 misc:1539 imb:148 pmb:1079 smb:549 d:s;
in:264 out:264 type:P q:34.82 tex:16512 mv:18348 misc:1540 imb:99 pmb:1144 smb:533 d:s;
in:265 out:265 type:P q:34.72 tex:15536 mv:17115 misc:1565 imb:93 pmb:1126 smb:557 d:s;
in:266 out:266 type:P q:34.81 tex:17095 mv:18888 misc:1449 imb:108 pmb:1176 smb:492 d:s;
in:267 out:267 type:P q:34.83 tex:19714 mv:19988 misc:1410 imb:146 pmb:1192 smb:438 d:s;
in:268 out:268 type:P q:34.72 tex:17185 mv:17431 misc:1528 imb:71 pmb:1194 smb:511 d:s;
in:269 out:269 type:P q:34.64 tex:16875 mv:17118 misc:1463 imb:81 pmb:1142 smb:553 d:s;
in:271 out:270 type:P q:34.93 tex:19806 mv:21254 misc:1420 imb:182 pmb:1141 smb:453 d:s;
in:270 out:271 type:b q:37.06 tex:4701 mv:8092 misc:1519 imb:60 pmb:572 smb:1136 d:s;
in:272 out:272 type:P q:34.90 tex:16187 mv:18020 misc:1489 imb:96 pmb:1164 smb:516 d:s;
in:273 out:273 type:P q:34.87 tex:17657 mv:18557 misc:1482 imb:126 pmb:1122 smb:528 d:s;
in:274 out:274 type:P q:34.75 tex:16148 mv:17502 misc:1494 imb:113 pmb:1127 smb:536 d:s;
in:275 out:275 type:P q:34.66 tex:16843 mv:17269 misc:1520 imb:92 pmb:1164 smb:520 d:s;
in:276 out:276 type:P q:34.63 tex:16494 mv:18417 misc:1441 imb:88 pmb:1175 smb:513 d:s;
in:277 out:277 type:P q:34.67 tex:16286 mv:19056 misc:1418 imb:105 pmb:1171 smb:500 d:s;
in:278 out:278 type:P q:34.78 tex:16334 mv:19391 misc:1491 imb:93 pmb:1202 smb:481 d:s;
in:279 out:279 type:P q:35.06 tex:22624 mv:22677 misc:1203 imb:260 pmb:1155 smb:361 d:s;
in:280 out:280 type:P q:35.25 tex:22459 mv:22678 misc:1271 imb:275 pmb:1116 smb:385 d:s;
in:281 out:281 type:P q:35.18 tex:18647 mv:20446 misc:1347 imb:216 pmb:1100 smb:460 d:s;
in:282 out:282 type:P q:35.04 tex:14794 mv:17339 misc:1523 imb:149 pmb:1027 smb:600 d:s;
in:283 out:283 type:P q:34.91 tex:14318 mv:17465 misc:1553 imb:116 pmb:1027 smb:633 d:s;
in:284 out:284 type:P q:34.80 tex:14506 mv:17389 misc:1577 imb:132 pmb:1069 smb:575 d:s;
in:285 out:285 type:P q:34.65 tex:11967 mv:14501 misc:1612 imb:103 pmb:1006 smb:667 d:s;
in:286 out:286 type:P q:34.49 tex:11751 mv:14784 misc:1633 imb:82 pmb:1038 smb:656 d:s;
in:287 out:287 type:P q:34.44 tex:12074 mv:14984 misc:1582 imb:72 pmb:1084 smb:620 d:s;
in:288 out:288 type:P q:34.46 tex:12539 mv:15000 misc:1637 imb:102 pmb:1065 smb:609 d:s;
in:289 out:289 type:P q:34.56 tex:15026 mv:16859 misc:1523 imb:112 pmb:1149 smb:515 d:s;
in:290 out:290 type:P q:34.48 tex:11834 mv:14880 misc:1598 imb:95 pmb:1073 smb:608 d:s;
in:291 out:291 type:P q:34.50 tex:13174 mv:15789 misc:1597 imb:64 pmb:1124 smb:588 d:s;
in:292 out:292 type:P q:34.53 tex:13416 mv:15751 misc:1537 imb:105 pmb:1087 smb:584 d:s;
in:293 out:293 type:P q:34.74 tex:14987 mv:16658 misc:1547 imb:107 pmb:1112 smb:557 d:s;
in:294 out:294 type:P q:34.90 tex:14551 mv:17758 misc:1587 imb:92 pmb:1096 smb:588 d:s;
in:295 out:295 type:P q:34.90 tex:15321 mv:17669 misc:1578 imb:119 pmb:1065 smb:592 d:s;
in:296 out:296 type:P q:34.86 tex:15380 mv:18181 misc:1479 imb:139 pmb:1129 smb:508 d:s;
in:297 out:297 type:P q:34.97 tex:19446 mv:20179 misc:1391 imb:172 pmb:1193 smb:411 d:s;
in:298 out:298 type:P q:35.06 tex:18611 mv:20295 misc:1454 imb:168 pmb:1121 smb:487 d:s;
in:299 out:299 type:P q:35.11 tex:14856 mv:18595 misc:1557 imb:156 pmb:1047 smb:573 d:s;
in:300 out:300 type:I q:31.95 tex:62397 mv:34830 misc:397 imb:1776 pmb:0 smb:0 d:s;
in:301 out:301 type:P q:35.81 tex:13717 mv:18177 misc:1434 imb:238 pmb:992 smb:546 d:s;
in:302 out:302 type:P q:35.51 tex:18115 mv:19315 misc:1378 imb:210 pmb:1078 smb:488 d:s;
in:303 out:303 type:P q:35.18 tex:12755 mv:16512 misc:1533 imb:149 pmb:1011 smb:616 d:s;
in:304 out:304 type:P q:35.07 tex:14426 mv:16516 misc:1546 imb:117 pmb:1047 smb:612 d:s;
in:305 out:305 type:P q:35.02 tex:18502 mv:18392 misc:1370 imb:187 pmb:1125 smb:464 d:s;
in:306 out:306 type:P q:34.86 tex:13612 mv:14933 misc:1543 imb:90 pmb:1034 smb:652 d:s;
in:307 out:307 type:P q:34.88 tex:13724 mv:15917 misc:1551 imb:93 pmb:1058 smb:625 d:s;
in:308 out:308 type:P q:35.02 tex:15405 mv:17560 misc:1499 imb:84 pmb:1128 smb:564 d:s;
in:309 out:309 type:P q:35.08 tex:14380 mv:17547 misc:1505 imb:105 pmb:1114 smb:557 d:s;
in:310 out:310 type:P q:35.03 tex:15059 mv:17846 misc:1543 imb:129 pmb:1093 smb:554 d:s;
in:311 out:311 type:P q:35.05 tex:15276 mv:18620 misc:1520 imb:173 pmb:1049 smb:554 d:s;
in:312 out:312 type:P q:35.11 tex:16219 mv:17953 misc:1508 imb:171 pmb:990 smb:615 d:s;
in:313 out:313 type:P q:35.08 tex:15094 mv:17182 misc:1548 imb:129 pmb:1034 smb:613 d:s;
in:314 out:314 type:P q:35.03 tex:16084 mv:17156 misc:1536 imb:162 pmb:1015 smb:599 d:s;
in:315 out:315 type:P q:34.99 tex:15932 mv:16629 misc:1503 imb:165 pmb:992 smb:619 d:s;
in:316 out:316 type:P q:34.98 tex:17316 mv:18738 misc:1426 imb:187 pmb:1058 smb:531 d:s;
in:317 out:317 type:P q:34.98 tex:14248 mv:17417 misc:1519 imb:117 pmb:1083 smb:576 d:s;
in:318 out:318 type:P q:34.98 tex:13823 mv:16091 misc:1518 imb:94 pmb:1090 smb:592 d:s;
in:319 out:319 type:P q:35.06 tex:15352 mv:17664 misc:1544 imb:88 pmb:1126 smb:562 d:s;
in:320 out:320 type:P q:35.13 tex:15205 mv:17644 misc:1535 imb:95 pmb:1134 smb:547 d:s;
in:321 out:321 type:P q:35.07 tex:16369 mv:17020 misc:1523 imb:130 pmb:1085 smb:561 d:s;
in:322 out:322 type:P q:35.00 tex:16415 mv:16570 misc:1527 imb:129 pmb:1096 smb:551 d:s;
in:323 out:323 type:P q:35.04 tex:18295 mv:18632 misc:1385 imb:128 pmb:1200 smb:448 d:s;
in:324 out:324 type:P q:35.26 tex:21175 mv:19413 misc:1276 imb:136 pmb:1210 smb:430 d:s;
in:325 out:325 type:P q:35.09 tex:12950 mv:16287 misc:1523 imb:100 pmb:1121 smb:555 d:s;
in:326 out:326 type:P q:35.12 tex:15562 mv:18366 misc:1424 imb:101 pmb:1169 smb:506 d:s;
in:327 out:327 type:P q:35.11 tex:14368 mv:17665 misc:1511 imb:84 pmb:1193 smb:499 d:s;
in:328 out:328 type:P q:35.17 tex:16800 mv:18374 misc:1394 imb:111 pmb:1211 smb:454 d:s;
in:329 out:329 type:P q:35.27 tex:18172 mv:19103 misc:1461 imb:156 pmb:1158 smb:462 d:s;
in:330 out:330 type:P q:35.25 tex:18567 mv:19993 misc:1304 imb:167 pmb:1229 smb:380 d:s;
in:331 out:331 type:P q:35.11 tex:16182 mv:18711 misc:1435 imb:115 pmb:1216 smb:445 d:s;
in:332 out:332 type:P q:35.02 tex:16657 mv:17631 misc:1512 imb:111 pmb:1208 smb:457 d:s;
in:333 out:333 type:P q:34.99 tex:15597 mv:17727 misc:1476 imb:86 pmb:1218 smb:472 d:s;
in:334 out:334 type:P q:35.04 tex:17094 mv:18095 misc:1443 imb:137 pmb:1187 smb:452 d:s;
in:335 out:335 type:P q:35.06 tex:15859 mv:18007 misc:1526 imb:112 pmb:1169 smb:495 d:s;
in:336 out:336 type:P q:35.04 tex:15816 mv:18511 misc:1489 imb:136 pmb:1163 smb:477 d:s;
in:337 out:337 type:P q:35.10 tex:17495 mv:18456 misc:1537 imb:164 pmb:1089 smb:523 d:s;
in:338 out:338 type:P q:35.05 tex:15836 mv:18038 misc:1550 imb:122 pmb:1114 smb:540 d:s;
in:339 out:339 type:P q:34.87 tex:14065 mv:16728 misc:1591 imb:116 pmb:1099 smb:561 d:s;
in:340 out:340 type:P q:34.77 tex:13795 mv:17185 misc:1604 imb:127 pmb:1097 smb:552 d:s;
in:341 out:341 type:P q:34.66 tex:13021 mv:16615 misc:1524 imb:121 pmb:1133 smb:522 d:s;
in:342 out:342 type:P q:34.67 tex:14839 mv:16283 misc:1502 imb:121 pmb:1106 smb:549 d:s;
in:343 out:343 type:P q:34.77 tex:14525 mv:16430 misc:1501 imb:97 pmb:1145 smb:534 d:s;
in:344 out:344 type:P q:34.90 tex:16397 mv:17410 misc:1513 imb:92 pmb:1153 smb:531 d:s;
in:345 out:345 type:P q:35.00 tex:17013 mv:18332 misc:1439 imb:92 pmb:1180 smb:504 d:s;
in:346 out:346 type:P q:35.05 tex:18420 mv:18376 misc:1364 imb:89 pmb:1219 smb:468 d:s;
in:347 out:347 type:P q:34.96 tex:16800 mv:16956 misc:1436 imb:80 pmb:1197 smb:499 d:s;
in:348 out:348 type:P q:34.88 tex:16354 mv:15933 misc:1497 imb:67 pmb:1153 smb:556 d:s;
in:349 out:349 type:P q:34.91 tex:16274 mv:16240 misc:1494 imb:84 pmb:1151 smb:541 d:s;
in:350 out:350 type:P q:34.98 tex:18491 mv:17749 misc:1440 imb:97 pmb:1172 smb:507 d:s;
in:351 out:351 type:P q:34.95 tex:16228 mv:17456 misc:1468 imb:76 pmb:1178 smb:522 d:s;
in:352 out:352 type:P q:35.02 tex:18722 mv:17701 misc:1345 imb:78 pmb:1180 smb:518 d:s;
in:353 out:353 type:P q:35.06 tex:16634 mv:16887 misc:1455 imb:70 pmb:1199 smb:507 d:s;
in:354 out:354 type:P q:35.15 tex:17326 mv:18238 misc:1468 imb:103 pmb:1157 smb:516 d:s;
in:355 out:355 type:P q:35.26 tex:18051 mv:18648 misc:1437 imb:85 pmb:1214 smb:477 d:s;
in:356 out:356 type:P q:35.25 tex:17858 mv:18357 misc:1353 imb:77 pmb:1208 smb:491 d:s;
in:357 out:357 type:P q:35.20 tex:16814 mv:17085 misc:1421 imb:82 pmb:1139 smb:555 d:s;
in:358 out:358 type:P q:35.16 tex:17096 mv:17400 misc:1400 imb:100 pmb:1172 smb:504 d:s;
in:359 out:359 type:P q:35.22 tex:18762 mv:17167 misc:1391 imb:101 pmb:1164 smb:511 d:s;
in:360 out:360 type:P q:35.37 tex:18882 mv:18236 misc:1370 imb:98 pmb:1194 smb:484 d:s;
in:361 out:361 type:P q:35.48 tex:19716 mv:19252 misc:1376 imb:115 pmb:1205 smb:456 d:s;
in:362 out:362 type:P q:35.68 tex:22524 mv:21316 misc:1240 imb:170 pmb:1228 smb:378 d:s;
in:363 out:363 type:P q:35.78 tex:22344 mv:21904 misc:1256 imb:180 pmb:1225 smb:371 d:s;
in:364 out:364 type:P q:35.73 tex:18168 mv:19478 misc:1474 imb:161 pmb:1149 smb:466 d:s;
in:365 out:365 type:P q:35.67 tex:19057 mv:19811 misc:1468 imb:140 pmb:1169 smb:467 d:s;
in:366 out:366 type:P q:35.58 tex:19547 mv:18601 misc:1444 imb:182 pmb:1139 smb:455 d:s;
in:367 out:367 type:P q:35.46 tex:17868 mv:18414 misc:1430 imb:120 pmb:1176 smb:480 d:s;
in:368 out:368 type:P q:35.42 tex:17105 mv:16955 misc:1540 imb:70 pmb:1145 smb:561 d:s;
in:369 out:369 type:P q:35.41 tex:17191 mv:17627 misc:1454 imb:86 pmb:1162 smb:528 d:s;
in:370 out:370 type:P q:35.41 tex:17391 mv:17449 misc:1448 imb:83 pmb:1160 smb:533 d:s;
in:371 out:371 type:P q:35.44 tex:17200 mv:18006 misc:1418 imb:115 pmb:1132 smb:529 d:s;
in:372 out:372 type:P q:35.43 tex:16439 mv:17109 misc:1476 imb:115 pmb:1154 smb:507 d:s;
in:373 out:373 type:P q:35.45 tex:18536 mv:18777 misc:1351 imb:103 pmb:1191 smb:482 d:s;
in:374 out:374 type:P q:35.54 tex:18513 mv:18978 misc:1373 imb:128 pmb:1163 smb:485 d:s;
in:375 out:375 type:P q:35.57 tex:20277 mv:19486 misc:1349 imb:170 pmb:1146 smb:460 d:s;
in:376 out:376 type:P q:35.55 tex:18532 mv:18591 misc:1325 imb:135 pmb:1154 smb:487 d:s;
in:377 out:377 type:P q:35.59 tex:17844 mv:18010 misc:1394 imb:130 pmb:1133 smb:513 d:s;
in:378 out:378 type:P q:35.66 tex:19116 mv:18593 misc:1363 imb:150 pmb:1137 smb:489 d:s;
in:379 out:379 type:P q:35.80 tex:21079 mv:21347 misc:1214 imb:211 pmb:1187 smb:378 d:s;
in:380 out:380 type:P q:35.88 tex:21735 mv:21161 misc:1280 imb:224 pmb:1110 smb:442 d:s;
in:381 out:381 type:P q:35.78 tex:17104 mv:18846 misc:1410 imb:141 pmb:1095 smb:540 d:s;
in:382 out:382 type:P q:35.73 tex:16699 mv:18397 misc:1496 imb:141 pmb:1080 smb:555 d:s;
in:383 out:383 type:P q:35.69 tex:16289 mv:17614 misc:1497 imb:158 pmb:1083 smb:535 d:s;
in:384 out:384 type:P q:35.67 tex:15563 mv:18279 misc:1422 imb:152 pmb:1098 smb:526 d:s;
in:385 out:385 type:P q:35.61 tex:14998 mv:17774 misc:1516 imb:151 pmb:1107 smb:518 d:s;
in:386 out:386 type:P q:35.53 tex:15377 mv:17257 misc:1542 imb:113 pmb:1123 smb:540 d:s;
in:387 out:387 type:P q:35.46 tex:14651 mv:17042 misc:1499 imb:125 pmb:1128 smb:523 d:s;
in:388 out:388 type:P q:35.49 tex:15229 mv:17984 misc:1475 imb:104 pmb:1193 smb:479 d:s;
in:389 out:389 type:P q:35.55 tex:17492 mv:18491 misc:1409 imb:149 pmb:1182 smb:445 d:s;
in:390 out:390 type:P q:35.62 tex:16740 mv:18571 misc:1441 imb:99 pmb:1223 smb:454 d:s;
in:391 out:391 type:P q:35.64 tex:17290 mv:18286 misc:1424 imb:58 pmb:1272 smb:446 d:s;
in:392 out:392 type:P q:35.68 tex:16306 mv:18172 misc:1458 imb:74 pmb:1219 smb:483 d:s;
in:393 out:393 type:P q:35.80 tex:16328 mv:17655 misc:1489 imb:110 pmb:1178 smb:488 d:s;
in:394 out:394 type:P q:35.83 tex:16561 mv:17234 misc:1533 imb:74 pmb:1167 smb:535 d:s;
in:395 out:395 type:P q:35.86 tex:17801 mv:17522 misc:1485 imb:115 pmb:1128 smb:533 d:s;
in:396 out:396 type:P q:35.84 tex:17026 mv:17671 misc:1511 imb:118 pmb:1122 smb:536 d:s;
in:397 out:397 type:P q:35.87 tex:16189 mv:17204 misc:1487 imb:109 pmb:1092 smb:575 d:s;
in:398 out:398 type:P q:35.89 tex:15165 mv:16767 misc:1604 imb:126 pmb:1018 smb:632 d:s;
in:399 out:399 type:P q:35.84 tex:14682 mv:17424 misc:1582 imb:108 pmb:1079 smb:589 d:s;
in:400 out:400 type:P q:35.72 tex:14671 mv:16446 misc:1539 imb:113 pmb:1059 smb:604 d:s;
in:401 out:401 type:P q:35.68 tex:15597 mv:17283 misc:1512 imb:116 pmb:1057 smb:603 d:s;
in:402 out:402 type:P q:35.65 tex:15925 mv:17155 misc:1464 imb:124 pmb:1074 smb:578 d:s;
in:403 out:403 type:P q:35.69 tex:15495 mv:17979 misc:1550 imb:111 pmb:1106 smb:559 d:s;
in:404 out:404 type:P q:35.83 tex:18117 mv:19554 misc:1489 imb:150 pmb:1134 smb:492 d:s;
in:405 out:405 type:P q:35.95 tex:19478 mv:20444 misc:1406 imb:186 pmb:1122 smb:468 d:s;
in:406 out:406 type:P q:35.93 tex:16585 mv:18767 misc:1528 imb:138 pmb:1087 smb:551 d:s;
in:407 out:407 type:P q:35.91 tex:16014 mv:17991 misc:1507 imb:125 pmb:1078 smb:573 d:s;
in:408 out:408 type:P q:35.83 tex:16113 mv:17048 misc:1527 imb:129 pmb:1066 smb:581 d:s;
in:409 out:409 type:P q:35.70 tex:14130 mv:16163 misc:1515 imb:84 pmb:1046 smb:646 d:s;
in:410 out:410 type:P q:35.56 tex:14352 mv:15875 misc:1541 imb:90 pmb:1084 smb:602 d:s;
in:411 out:411 type:P q:35.41 tex:14660 mv:15743 misc:1541 imb:80 pmb:1111 smb:585 d:s;
in:412 out:412 type:P q:35.33 tex:13968 mv:15982 misc:1594 imb:52 pmb:1139 smb:585 d:s;
in:413 out:413 type:P q:35.30 tex:14895 mv:16224 misc:1537 imb:74 pmb:1146 smb:556 d:s;
in:414 out:414 type:P q:35.28 tex:13513 mv:15653 misc:1538 imb:81 pmb:1145 smb:550 d:s;
in:415 out:415 type:P q:35.25 tex:14889 mv:15970 misc:1517 imb:74 pmb:1154 smb:548 d:s;
in:416 out:416 type:P q:35.23 tex:14414 mv:15387 misc:1535 imb:76 pmb:1140 smb:560 d:s;
in:417 out:417 type:P q:35.21 tex:13791 mv:15090 misc:1511 imb:73 pmb:1111 smb:592 d:s;
in:418 out:418 type:P q:35.17 tex:12589 mv:14113 misc:1618 imb:51 pmb:1058 smb:667 d:s;
in:419 out:419 type:P q:35.13 tex:11910 mv:13859 misc:1599 imb:53 pmb:1092 smb:631 d:s;
in:420 out:420 type:P q:35.11 tex:12035 mv:14298 misc:1619 imb:49 pmb:1071 smb:656 d:s;
in:421 out:421 type:P q:35.20 tex:13156 mv:14964 misc:1584 imb:69 pmb:1102 smb:605 d:s;
in:422 out:422 type:P q:35.25 tex:14478 mv:15778 misc:1560 imb:76 pmb:1138 smb:562 d:s;
in:423 out:423 type:P q:35.32 tex:15042 mv:16693 misc:1537 imb:84 pmb:1178 smb:514 d:s;
in:424 out:424 type:P q:35.21 tex:13300 mv:14071 misc:1581 imb:60 pmb:1080 smb:636 d:s;
in:425 out:425 type:P q:35.05 tex:13352 mv:13673 misc:1591 imb:67 pmb:1073 smb:636 d:s;
in:426 out:426 type:P q:34.95 tex:12356 mv:12149 misc:1623 imb:56 pmb:1018 smb:702 d:s;
in:427 out:427 type:P q:34.89 tex:9824 mv:12393 misc:1719 imb:32 pmb:1015 smb:729 d:s;
in:428 out:428 type:P q:34.89 tex:11733 mv:12970 misc:1689 imb:54 pmb:1040 smb:682 d:s;
in:429 out:429 type:P q:34.99 tex:11795 mv:13829 misc:1664 imb:93 pmb:1073 smb:610 d:s;
in:430 out:430 type:P q:35.03 tex:12658 mv:14645 misc:1617 imb:107 pmb:1070 smb:599 d:s;
in:431 out:431 type:P q:34.98 tex:11646 mv:14213 misc:1701 imb:68 pmb:1092 smb:616 d:s;
in:432 out:432 type:P q:34.96 tex:11376 mv:13229 misc:1699 imb:62 pmb:1052 smb:662 d:s;
in:433 out:433 type:P q:34.95 tex:11793 mv:13220 misc:1675 imb:45 pmb:1087 smb:644 d:s;
in:434 out:434 type:P q:35.02 tex:11326 mv:13755 misc:1663 imb:51 pmb:1085 smb:640 d:s;
in:435 out:435 type:P q:35.07 tex:11668 mv:14252 misc:1624 imb:55 pmb:1068 smb:653 d:s;
in:436 out:436 type:P q:35.21 tex:11935 mv:14601 misc:1656 imb:45 pmb:1092 smb:639 d:s;
in:437 out:437 type:P q:35.37 tex:11858 mv:15240 misc:1622 imb:55 pmb:1135 smb:586 d:s;
in:438 out:438 type:P q:35.41 tex:13281 mv:16366 misc:1609 imb:63 pmb:1156 smb:557 d:s;
in:439 out:439 type:P q:35.54 tex:14019 mv:16555 misc:1586 imb:127 pmb:1099 smb:550 d:s;
in:440 out:440 type:P q:35.45 tex:12925 mv:15219 misc:1552 imb:111 pmb:1103 smb:562 d:s;
in:441 out:441 type:P q:35.41 tex:11908 mv:16155 misc:1569 imb:87 pmb:1108 smb:581 d:s;
in:442 out:442 type:P q:35.45 tex:13230 mv:16830 misc:1572 imb:110 pmb:1157 smb:509 d:s;
in:443 out:443 type:P q:35.52 tex:14487 mv:18100 misc:1549 imb:162 pmb:1083 smb:531 d:s;
in:444 out:444 type:P q:35.53 tex:12654 mv:17127 misc:1571 imb:106 pmb:1133 smb:537 d:s;
in:445 out:445 type:P q:35.49 tex:12976 mv:15939 misc:1597 imb:77 pmb:1136 smb:563 d:s;
in:447 out:446 type:P q:35.68 tex:17045 mv:20575 misc:1420 imb:169 pmb:1156 smb:451 d:s;
in:446 out:447 type:b q:37.86 tex:4130 mv:8284 misc:1426 imb:113 pmb:542 smb:1115 d:t;
in:448 out:448 type:P q:35.37 tex:11948 mv:14953 misc:1619 imb:99 pmb:1112 smb:565 d:s;
in:449 out:449 type:P q:35.32 tex:14493 mv:16700 misc:1479 imb:71 pmb:1217 smb:488 d:s;
in:450 out:450 type:P q:35.12 tex:11713 mv:14285 misc:1658 imb:68 pmb:1076 smb:632 d:s;
in:451 out:451 type:P q:35.07 tex:13366 mv:15866 misc:1528 imb:93 pmb:1122 smb:561 d:s;
in:452 out:452 type:P q:35.12 tex:10571 mv:15029 misc:1608 imb:61 pmb:1068 smb:647 d:s;
in:453 out:453 type:P q:35.24 tex:13216 mv:18128 misc:1488 imb:107 pmb:1167 smb:502 d:s;
in:454 out:454 type:P q:35.28 tex:14717 mv:17327 misc:1484 imb:111 pmb:1124 smb:541 d:s;
in:455 out:455 type:P q:35.30 tex:15644 mv:18158 misc:1494 imb:133 pmb:1143 smb:500 d:s;
in:456 out:456 type:P q:35.39 tex:16814 mv:18152 misc:1426 imb:137 pmb:1116 smb:523 d:s;
in:457 out:457 type:P q:35.35 tex:14723 mv:16465 misc:1556 imb:111 pmb:1063 smb:602 d:s;
in:458 out:458 type:P q:35.28 tex:13189 mv:15621 misc:1542 imb:101 pmb:1054 smb:621 d:s;
in:459 out:459 type:P q:35.23 tex:15102 mv:16333 misc:1533 imb:113 pmb:1080 smb:583 d:s;
in:460 out:460 type:P q:35.11 tex:14162 mv:15774 misc:1560 imb:103 pmb:1096 smb:577 d:s;
in:461 out:461 type:P q:35.01 tex:12731 mv:14789 misc:1592 imb:62 pmb:1130 smb:584 d:s;
in:462 out:462 type:P q:35.00 tex:15167 mv:15361 misc:1520 imb:75 pmb:1096 smb:605 d:s;
in:463 out:463 type:P q:35.02 tex:15072 mv:15745 misc:1519 imb:84 pmb:1117 smb:575 d:s;
in:464 out:464 type:P q:35.05 tex:13692 mv:16008 misc:1564 imb:69 pmb:1156 smb:551 d:s;
in:465 out:465 type:P q:35.08 tex:14432 mv:16006 misc:1522 imb:70 pmb:1187 smb:519 d:s;
in:466 out:466 type:P q:35.14 tex:16916 mv:17134 misc:1518 imb:106 pmb:1154 smb:516 d:s;
in:467 out:467 type:P q:35.08 tex:15341 mv:16192 misc:1467 imb:111 pmb:1129 smb:536 d:s;
in:468 out:468 type:P q:34.95 tex:11276 mv:14798 misc:1654 imb:61 pmb:1104 smb:611 d:s;
in:469 out:469 type:P q:34.97 tex:12287 mv:15904 misc:1601 imb:75 pmb:1124 smb:577 d:s;
in:470 out:470 type:P q:35.02 tex:14603 mv:16370 misc:1507 imb:82 pmb:1172 smb:522 d:s;
in:471 out:471 type:P q:35.10 tex:15949 mv:16039 misc:1500 imb:81 pmb:1166 smb:529 d:s;
in:472 out:472 type:P q:35.12 tex:15126 mv:16475 misc:1511 imb:81 pmb:1182 smb:513 d:s;
in:473 out:473 type:P q:35.14 tex:14225 mv:16103 misc:1512 imb:64 pmb:1168 smb:544 d:s;
in:474 out:474 type:P q:35.18 tex:15358 mv:17420 misc:1494 imb:117 pmb:1181 smb:478 d:s;
in:475 out:475 type:P q:35.30 tex:18906 mv:18790 misc:1352 imb:159 pmb:1172 smb:445 d:s;
in:476 out:476 type:P q:35.06 tex:10938 mv:13480 misc:1598 imb:106 pmb:981 smb:689 d:s;
in:477 out:477 type:P q:34.97 tex:10161 mv:13307 misc:1676 imb:64 pmb:1004 smb:708 d:s;
in:478 out:478 type:P q:34.88 tex:9818 mv:13166 misc:1656 imb:58 pmb:1009 smb:709 d:s;
in:479 out:479 type:P q:34.84 tex:12405 mv:13800 misc:1603 imb:84 pmb:1035 smb:657 d:s;
in:480 out:480 type:P q:34.79 tex:10384 mv:13319 misc:1633 imb:62 pmb:1044 smb:670 d:s;
in:481 out:481 type:P q:34.85 tex:12372 mv:14145 misc:1635 imb:70 pmb:1034 smb:672 d:s;
in:482 out:482 type:P q:34.90 tex:12086 mv:15149 misc:1629 imb:69 pmb:1082 smb:625 d:s;
in:483 out:483 type:P q:34.88 tex:13058 mv:14794 misc:1588 imb:79 pmb:1060 smb:637 d:s;
in:484 out:484 type:P q:34.87 tex:11079 mv:13655 misc:1610 imb:66 pmb:995 smb:715 d:s;
in:485 out:485 type:P q:34.91 tex:12272 mv:14936 misc:1584 imb:80 pmb:1014 smb:682 d:s;
in:486 out:486 type:P q:34.92 tex:11668 mv:13917 misc:1567 imb:103 pmb:987 smb:686 d:s;
in:487 out:487 type:P q:35.01 tex:11774 mv:14393 misc:1625 imb:79 pmb:1020 smb:677 d:s;
in:488 out:488 type:P q:35.18 tex:13784 mv:14529 misc:1575 imb:99 pmb:995 smb:682 d:s;
in:489 out:489 type:P q:35.17 tex:14208 mv:15377 misc:1527 imb:88 pmb:1019 smb:669 d:s;
in:490 out:490 type:P q:35.22 tex:15679 mv:16116 misc:1477 imb:125 pmb:1039 smb:612 d:s;
in:491 out:491 type:P q:35.17 tex:14402 mv:15777 misc:1541 imb:107 pmb:1019 smb:650 d:s;
in:492 out:492 type:P q:35.12 tex:13053 mv:15734 misc:1541 imb:96 pmb:1002 smb:678 d:s;
in:493 out:493 type:P q:35.07 tex:12880 mv:14644 misc:1588 imb:107 pmb:967 smb:702 d:s;
in:494 out:494 type:P q:34.96 tex:12663 mv:14809 misc:1552 imb:92 pmb:1012 smb:672 d:s;
in:495 out:495 type:P q:34.89 tex:11877 mv:14650 misc:1609 imb:101 pmb:1002 smb:673 d:s;
in:496 out:496 type:P q:34.88 tex:13882 mv:15564 misc:1490 imb:121 pmb:1034 smb:621 d:s;
in:497 out:497 type:P q:34.90 tex:14696 mv:15810 misc:1550 imb:128 pmb:1071 smb:577 d:s;
in:498 out:498 type:P q:34.80 tex:13595 mv:14407 misc:1542 imb:97 pmb:1052 smb:627 d:s;
in:499 out:499 type:P q:34.76 tex:13691 mv:15144 misc:1581 imb:76 pmb:1067 smb:633 d:s;
in:500 out:500 type:P q:34.75 tex:14401 mv:15246 misc:1537 imb:45 pmb:1131 smb:600 d:s;
in:501 out:501 type:P q:34.78 tex:14320 mv:15496 misc:1560 imb:79 pmb:1134 smb:563 d:s;
in:502 out:502 type:P q:34.84 tex:14455 mv:15294 misc:1571 imb:61 pmb:1120 smb:595 d:s;
in:503 out:503 type:P q:34.95 tex:16045 mv:16895 misc:1516 imb:58 pmb:1175 smb:543 d:s;
in:504 out:504 type:P q:35.03 tex:16318 mv:17230 misc:1492 imb:96 pmb:1176 smb:504 d:s;
in:505 out:505 type:P q:35.14 tex:18137 mv:17962 misc:1461 imb:127 pmb:1174 smb:475 d:s;
in:506 out:506 type:P q:35.16 tex:15920 mv:16547 misc:1517 imb:111 pmb:1122 smb:543 d:s;
in:507 out:507 type:P q:35.16 tex:16665 mv:16776 misc:1487 imb:127 pmb:1092 smb:557 d:s;
in:508 out:508 type:P q:35.04 tex:16460 mv:16387 misc:1465 imb:137 pmb:1103 smb:536 d:s;
in:510 out:509 type:P q:35.25 tex:16295 mv:18802 misc:1495 imb:174 pmb:1081 smb:521 d:s;
in:509 out:510 type:b q:37.42 tex:3012 mv:7050 misc:1386 imb:63 pmb:494 smb:1213 d:t;
in:511 out:511 type:P q:35.10 tex:12591 mv:14785 misc:1616 imb:110 pmb:982 smb:684 d:s;
in:512 out:512 type:P q:34.94 tex:11400 mv:14324 misc:1612 imb:102 pmb:1001 smb:673 d:s;
in:514 out:513 type:P q:34.99 tex:14880 mv:16300 misc:1516 imb:147 pmb:982 smb:647 d:s;
in:513 out:514 type:b q:37.23 tex:3498 mv:6714 misc:1364 imb:69 pmb:447 smb:1252 d:t;
in:515 out:515 type:P q:34.82 tex:12184 mv:13464 misc:1592 imb:80 pmb:974 smb:722 d:t;
in:516 out:516 type:P q:34.70 tex:12626 mv:15204 misc:1546 imb:87 pmb:1054 smb:635 d:t;
in:517 out:517 type:P q:34.57 tex:12774 mv:14579 misc:1655 imb:100 pmb:1031 smb:645 d:t;
in:518 out:518 type:P q:34.59 tex:14728 mv:15537 misc:1583 imb:117 pmb:1032 smb:627 d:t;
in:519 out:519 type:P q:34.62 tex:16039 mv:15060 misc:1421 imb:127 pmb:1060 smb:589 d:t;
in:520 out:520 type:P q:34.54 tex:13842 mv:14523 misc:1579 imb:82 pmb:1073 smb:621 d:t;
in:521 out:521 type:P q:34.51 tex:13321 mv:14239 misc:1544 imb:71 pmb:1055 smb:650 d:t;
in:522 out:522 type:P q:34.52 tex:11784 mv:12294 misc:1610 imb:63 pmb:936 smb:777 d:t;
in:523 out:523 type:P q:34.57 tex:12975 mv:13468 misc:1613 imb:66 pmb:1024 smb:686 d:t;
in:524 out:524 type:P q:34.76 tex:17268 mv:15932 misc:1440 imb:110 pmb:1098 smb:568 d:t;
in:525 out:525 type:P q:34.97 tex:16580 mv:16130 misc:1474 imb:96 pmb:1109 smb:571 d:t;
in:527 out:526 type:P q:35.34 tex:21772 mv:19006 misc:1366 imb:192 pmb:1068 smb:516 d:t;
in:526 out:527 type:b q:37.43 tex:3826 mv:5863 misc:1223 imb:73 pmb:427 smb:1264 d:s;
in:529 out:528 type:P q:35.33 tex:17081 mv:17564 misc:1387 imb:131 pmb:1073 smb:572 d:s;
in:528 out:529 type:b q:37.61 tex:4307 mv:6400 misc:1357 imb:57 pmb:467 smb:1239 d:t;
in:531 out:530 type:P q:35.41 tex:18048 mv:16634 misc:1422 imb:134 pmb:1019 smb:623 d:t;
in:530 out:531 type:b q:37.64 tex:3183 mv:4459 misc:1142 imb:42 pmb:326 smb:1399 d:s;
in:533 out:532 type:P q:35.54 tex:20235 mv:18479 misc:1414 imb:182 pmb:1052 smb:542 d:t;
in:532 out:533 type:b q:37.75 tex:3258 mv:4405 misc:1065 imb:42 pmb:297 smb:1425 d:t;
in:535 out:534 type:P q:35.75 tex:25419 mv:21923 misc:1234 imb:280 pmb:1057 smb:439 d:t;
in:534 out:535 type:b q:37.92 tex:3258 mv:5526 misc:1264 imb:81 pmb:352 smb:1330 d:s;
in:536 out:536 type:P q:35.52 tex:16243 mv:16679 misc:1510 imb:104 pmb:1104 smb:568 d:t;
in:538 out:537 type:P q:35.60 tex:20668 mv:18682 misc:1362 imb:157 pmb:1084 smb:535 d:t;
in:537 out:538 type:b q:37.83 tex:3669 mv:5420 misc:1127 imb:74 pmb:324 smb:1363 d:t;
in:540 out:539 type:P q:35.65 tex:21182 mv:17868 misc:1358 imb:147 pmb:1068 smb:561 d:t;
in:539 out:540 type:b q:37.90 tex:3166 mv:4993 misc:1073 imb:56 pmb:323 smb:1377 d:t;
in:541 out:541 type:P q:35.44 tex:18857 mv:15025 misc:1406 imb:91 pmb:1072 smb:613 d:t;
in:542 out:542 type:P q:35.42 tex:20528 mv:17501 misc:1411 imb:94 pmb:1135 smb:547 d:t;
in:543 out:543 type:P q:35.25 tex:14777 mv:14408 misc:1567 imb:69 pmb:1030 smb:677 d:t;
in:545 out:544 type:P q:35.50 tex:19258 mv:18330 misc:1372 imb:150 pmb:1066 smb:560 d:t;
in:544 out:545 type:b q:37.65 tex:3990 mv:7953 misc:1185 imb:37 pmb:593 smb:1131 d:s;
in:546 out:546 type:P q:35.36 tex:14157 mv:15044 misc:1471 imb:86 pmb:1037 smb:653 d:s;
in:548 out:547 type:P q:35.50 tex:20100 mv:18649 misc:1323 imb:183 pmb:1075 smb:518 d:s;
in:547 out:548 type:b q:37.70 tex:4483 mv:8003 misc:1354 imb:72 pmb:545 smb:1150 d:s;
in:549 out:549 type:P q:35.30 tex:17285 mv:16257 misc:1538 imb:124 pmb:1067 smb:585 d:s;
in:550 out:550 type:P q:35.17 tex:17771 mv:15854 misc:1479 imb:99 pmb:1132 smb:545 d:s;
in:551 out:551 type:P q:35.14 tex:21307 mv:17296 misc:1309 imb:102 pmb:1206 smb:468 d:s;
in:552 out:552 type:P q:35.08 tex:18924 mv:16016 misc:1436 imb:80 pmb:1193 smb:503 d:s;
in:553 out:553 type:P q:35.03 tex:20220 mv:17189 misc:1319 imb:101 pmb:1260 smb:415 d:s;
in:555 out:554 type:P q:35.31 tex:26569 mv:21535 misc:1048 imb:227 pmb:1244 smb:305 d:s;
in:554 out:555 type:b q:37.44 tex:3229 mv:7605 misc:1438 imb:106 pmb:488 smb:1179 d:t;
in:557 out:556 type:P q:35.23 tex:14690 mv:17440 misc:1478 imb:166 pmb:1141 smb:469 d:s;
in:556 out:557 type:b q:37.54 tex:2679 mv:7072 misc:1497 imb:99 pmb:531 smb:1141 d:s;
in:559 out:558 type:P q:35.15 tex:17070 mv:18893 misc:1317 imb:196 pmb:1192 smb:388 d:s;
in:558 out:559 type:b q:37.46 tex:3043 mv:7009 misc:1500 imb:111 pmb:511 smb:1149 d:t;
in:561 out:560 type:P q:35.05 tex:17671 mv:18104 misc:1377 imb:151 pmb:1198 smb:427 d:s;
in:560 out:561 type:b q:37.37 tex:2771 mv:6824 misc:1557 imb:94 pmb:522 smb:1155 d:s;
in:563 out:562 type:P q:34.98 tex:14022 mv:16478 misc:1492 imb:145 pmb:1114 smb:517 d:s;
in:562 out:563 type:b q:37.29 tex:2870 mv:6424 misc:1450 imb:106 pmb:460 smb:1202 d:s;
in:565 out:564 type:P q:34.91 tex:13815 mv:16321 misc:1464 imb:145 pmb:1126 smb:505 d:s;
in:564 out:565 type:b q:37.21 tex:2338 mv:5991 misc:1367 imb:88 pmb:442 smb:1240 d:s;
in:567 out:566 type:P q:34.77 tex:13599 mv:15080 misc:1537 imb:171 pmb:1041 smb:564 d:s;
in:566 out:567 type:b q:37.11 tex:2704 mv:6376 misc:1336 imb:116 pmb:471 smb:1188 d:t;
in:569 out:568 type:P q:34.66 tex:15100 mv:14882 misc:1474 imb:196 pmb:1064 smb:516 d:s;
in:568 out:569 type:b q:36.99 tex:2430 mv:5742 misc:1348 imb:132 pmb:424 smb:1217 d:t;
in:571 out:570 type:P q:34.50 tex:13631 mv:13782 misc:1563 imb:111 pmb:1071 smb:594 d:s;
in:570 out:571 type:b q:36.85 tex:1892 mv:4451 misc:1297 imb:58 pmb:367 smb:1350 d:s;
in:573 out:572 type:P q:34.46 tex:14011 mv:14192 misc:1597 imb:78 pmb:1090 smb:608 d:s;
in:572 out:573 type:b q:36.75 tex:1880 mv:4000 misc:1192 imb:28 pmb:353 smb:1391 d:s;
in:575 out:574 type:P q:34.27 tex:10857 mv:12367 misc:1704 imb:83 pmb:982 smb:711 d:s;
in:574 out:575 type:b q:36.64 tex:1432 mv:2980 misc:1036 imb:21 pmb:276 smb:1477 d:s;
in:577 out:576 type:P q:34.50 tex:20150 mv:16469 misc:1413 imb:145 pmb:1092 smb:539 d:s;
in:576 out:577 type:b q:36.66 tex:1515 mv:2969 misc:1156 imb:39 pmb:305 smb:1431 d:s;
in:579 out:578 type:P q:34.15 tex:12563 mv:10034 misc:1731 imb:65 pmb:922 smb:789 d:s;
in:578 out:579 type:b q:36.59 tex:914 mv:1929 misc:789 imb:9 pmb:198 smb:1564 d:s;
in:581 out:580 type:P q:33.70 tex:9009 mv:6547 misc:1692 imb:17 pmb:646 smb:1113 d:s;
in:580 out:581 type:b q:36.20 tex:753 mv:944 misc:455 imb:0 pmb:70 smb:1700 d:s;
in:583 out:582 type:P q:33.38 tex:10133 mv:7422 misc:1749 imb:54 pmb:735 smb:987 d:s;
in:582 out:583 type:b q:35.81 tex:684 mv:746 misc:434 imb:7 pmb:115 smb:1653 d:s;
in:585 out:584 type:P q:33.27 tex:11156 mv:8195 misc:1777 imb:35 pmb:864 smb:877 d:s;
in:584 out:585 type:b q:35.60 tex:480 mv:662 misc:426 imb:1 pmb:86 smb:1686 d:s;
in:587 out:586 type:P q:33.14 tex:13484 mv:7711 misc:1773 imb:18 pmb:924 smb:834 d:s;
in:586 out:587 type:b q:35.48 tex:323 mv:253 misc:344 imb:0 pmb:31 smb:1744 d:s;
in:589 out:588 type:P q:33.27 tex:21787 mv:13711 misc:1366 imb:43 pmb:1260 smb:473 d:s;
in:588 out:589 type:b q:35.47 tex:169 mv:169 misc:254 imb:0 pmb:15 smb:1760 d:s;
in:591 out:590 type:P q:32.95 tex:4575 mv:3713 misc:1472 imb:5 pmb:461 smb:1310 d:s;
in:590 out:591 type:b q:35.38 tex:180 mv:105 misc:251 imb:0 pmb:13 smb:1763 d:s;
in:593 out:592 type:P q:32.76 tex:2648 mv:2699 misc:1237 imb:9 pmb:336 smb:1431 d:s;
in:592 out:593 type:b q:35.12 tex:235 mv:132 misc:241 imb:0 pmb:14 smb:1761 d:s;
in:595 out:594 type:P q:32.41 tex:4300 mv:3521 misc:1515 imb:5 pmb:476 smb:1295 d:s;
in:594 out:595 type:b q:34.86 tex:254 mv:161 misc:249 imb:1 pmb:15 smb:1759 d:t;
in:597 out:596 type:P q:32.30 tex:3679 mv:3534 misc:1459 imb:7 pmb:430 smb:1339 d:s;
in:596 out:597 type:b q:34.62 tex:268 mv:249 misc:283 imb:1 pmb:23 smb:1751 d:s;
in:599 out:598 type:P q:31.99 tex:3609 mv:2461 misc:1210 imb:5 pmb:288 smb:1483 d:s;
in:598 out:599 type:b q:34.42 tex:190 mv:135 misc:235 imb:1 pmb:11 smb:1764 d:s;
in:600 out:600 type:I q:31.72 tex:73702 mv:34980 misc:398 imb:1776 pmb:0 smb:0 d:s;
in:602 out:601 type:P q:33.80 tex:800 mv:2205 misc:1155 imb:15 pmb:274 smb:1487 d:s;
in:601 out:602 type:b q:36.07 tex:55 mv:71 misc:218 imb:0 pmb:8 smb:1768 d:t;
in:604 out:603 type:P q:32.97 tex:1458 mv:1640 misc:766 imb:6 pmb:166 smb:1604 d:s;
in:603 out:604 type:b q:35.66 tex:118 mv:163 misc:255 imb:0 pmb:17 smb:1759 d:t;
in:606 out:605 type:P q:32.39 tex:2206 mv:2673 misc:1097 imb:5 pmb:293 smb:1478 d:s;
in:605 out:606 type:b q:34.95 tex:112 mv:283 misc:261 imb:2 pmb:27 smb:1747 d:t;
in:608 out:607 type:P q:31.93 tex:2460 mv:1675 misc:745 imb:1 pmb:181 smb:1594 d:s;
in:607 out:608 type:b q:34.43 tex:123 mv:363 misc:266 imb:0 pmb:35 smb:1741 d:t;
in:610 out:609 type:P q:31.51 tex:2667 mv:2093 misc:792 imb:1 pmb:194 smb:1581 d:s;
in:609 out:610 type:b q:33.99 tex:194 mv:484 misc:298 imb:0 pmb:44 smb:1732 d:t;
in:612 out:611 type:P q:31.42 tex:3619 mv:2274 misc:875 imb:3 pmb:213 smb:1560 d:s;
in:611 out:612 type:b q:33.74 tex:171 mv:607 misc:294 imb:0 pmb:44 smb:1730 d:t;
in:614 out:613 type:P q:31.25 tex:3371 mv:1835 misc:642 imb:1 pmb:169 smb:1606 d:s;
in:613 out:614 type:b q:33.61 tex:220 mv:400 misc:276 imb:0 pmb:34 smb:1741 d:s;
in:616 out:615 type:P q:31.18 tex:3349 mv:2147 misc:832 imb:7 pmb:192 smb:1577 d:s;
in:615 out:616 type:b q:33.49 tex:163 mv:348 misc:273 imb:0 pmb:28 smb:1746 d:t;
in:618 out:617 type:P q:30.95 tex:3981 mv:2265 misc:970 imb:11 pmb:233 smb:1532 d:s;
in:617 out:618 type:b q:33.33 tex:292 mv:333 misc:303 imb:0 pmb:40 smb:1735 d:t;
in:620 out:619 type:P q:30.73 tex:4050 mv:2233 misc:893 imb:5 pmb:212 smb:1559 d:s;
in:619 out:620 type:b q:33.11 tex:200 mv:405 misc:323 imb:0 pmb:42 smb:1734 d:t;
in:622 out:621 type:P q:30.57 tex:3648 mv:2004 misc:828 imb:4 pmb:198 smb:1574 d:s;
in:621 out:622 type:b q:32.92 tex:368 mv:473 misc:295 imb:0 pmb:44 smb:1730 d:t;
in:624 out:623 type:P q:30.40 tex:3300 mv:1888 misc:780 imb:6 pmb:173 smb:1597 d:s;
in:623 out:624 type:b q:32.75 tex:390 mv:278 misc:292 imb:0 pmb:29 smb:1746 d:s;
in:626 out:625 type:P q:30.21 tex:2908 mv:1390 misc:782 imb:4 pmb:164 smb:1608 d:s;
in:625 out:626 type:b q:32.57 tex:326 mv:157 misc:221 imb:0 pmb:12 smb:1763 d:s;
in:628 out:627 type:P q:30.64 tex:3549 mv:3049 misc:1434 imb:4 pmb:442 smb:1330 d:s;
in:627 out:628 type:b q:32.69 tex:495 mv:564 misc:629 imb:1 pmb:102 smb:1673 d:t;
in:630 out:629 type:P q:30.78 tex:7013 mv:4785 misc:1650 imb:14 pmb:633 smb:1129 d:s;
in:629 out:630 type:b q:32.98 tex:436 mv:530 misc:586 imb:0 pmb:98 smb:1676 d:s;
in:632 out:631 type:P q:30.94 tex:4547 mv:3495 misc:1534 imb:11 pmb:470 smb:1295 d:s;
in:631 out:632 type:b q:33.13 tex:141 mv:64 misc:219 imb:0 pmb:9 smb:1767 d:s;
in:634 out:633 type:P q:30.91 tex:3731 mv:3563 misc:1610 imb:13 pmb:495 smb:1268 d:s;
in:633 out:634 type:b q:33.20 tex:253 mv:72 misc:275 imb:0 pmb:19 smb:1757 d:s;
in:636 out:635 type:P q:30.64 tex:5297 mv:4225 misc:1686 imb:15 pmb:576 smb:1185 d:s;
in:635 out:636 type:b q:33.05 tex:220 mv:56 misc:260 imb:0 pmb:14 smb:1762 d:s;
in:638 out:637 type:P q:30.73 tex:4088 mv:3733 misc:1571 imb:6 pmb:536 smb:1234 d:s;
in:637 out:638 type:b q:32.96 tex:328 mv:54 misc:218 imb:0 pmb:10 smb:1766 d:s;
in:640 out:639 type:P q:30.95 tex:16883 mv:9834 misc:1747 imb:33 pmb:1083 smb:660 d:s;
in:639 out:640 type:b q:33.11 tex:362 mv:912 misc:670 imb:2 pmb:117 smb:1655 d:s;
in:642 out:641 type:P q:31.00 tex:18785 mv:10772 misc:1571 imb:69 pmb:1085 smb:622 d:s;
in:641 out:642 type:b q:33.25 tex:581 mv:1386 misc:793 imb:16 pmb:164 smb:1595 d:s;
in:644 out:643 type:P q:31.24 tex:22234 mv:13096 misc:1470 imb:63 pmb:1199 smb:514 d:s;
in:643 out:644 type:b q:33.39 tex:668 mv:2381 misc:1015 imb:31 pmb:238 smb:1506 d:t;
in:645 out:645 type:P q:31.46 tex:28672 mv:15304 misc:1136 imb:77 pmb:1334 smb:365 d:s;
in:647 out:646 type:P q:31.30 tex:13215 mv:12122 misc:1631 imb:50 pmb:1060 smb:666 d:s;
in:646 out:647 type:b q:33.65 tex:1908 mv:2634 misc:1170 imb:12 pmb:301 smb:1462 d:s;
in:649 out:648 type:P q:31.41 tex:13006 mv:11773 misc:1669 imb:56 pmb:1063 smb:657 d:s;
in:648 out:649 type:b q:33.63 tex:2657 mv:3280 misc:1247 imb:31 pmb:329 smb:1414 d:s;
in:651 out:650 type:P q:31.45 tex:21682 mv:13708 misc:1442 imb:78 pmb:1193 smb:505 d:s;
in:650 out:651 type:b q:33.70 tex:1205 mv:3198 misc:1101 imb:26 pmb:297 smb:1451 d:s;
in:653 out:652 type:P q:31.32 tex:12569 mv:11993 misc:1702 imb:56 pmb:1036 smb:684 d:s;
in:652 out:653 type:b q:33.65 tex:1291 mv:3512 misc:1269 imb:31 pmb:353 smb:1390 d:t;
in:655 out:654 type:P q:31.36 tex:19063 mv:12760 misc:1529 imb:80 pmb:1135 smb:561 d:s;
in:654 out:655 type:b q:33.61 tex:1552 mv:4162 misc:1350 imb:38 pmb:391 smb:1344 d:t;
in:657 out:656 type:P q:31.61 tex:29460 mv:17412 misc:1080 imb:106 pmb:1348 smb:322 d:s;
in:656 out:657 type:b q:33.75 tex:2153 mv:4416 misc:1391 imb:52 pmb:410 smb:1311 d:s;
in:659 out:658 type:P q:31.45 tex:13465 mv:11023 misc:1720 imb:42 pmb:1015 smb:719 d:s;
in:658 out:659 type:b q:33.80 tex:1383 mv:2951 misc:1138 imb:20 pmb:309 smb:1447 d:s;
in:661 out:660 type:P q:31.27 tex:16676 mv:13252 misc:1624 imb:75 pmb:1050 smb:651 d:s;
in:660 out:661 type:b q:33.63 tex:1214 mv:2776 misc:1146 imb:25 pmb:270 smb:1478 d:s;
in:662 out:662 type:P q:31.36 tex:17413 mv:12174 misc:1637 imb:187 pmb:751 smb:838 d:s;
in:664 out:663 type:P q:31.79 tex:26388 mv:17173 misc:1439 imb:505 pmb:634 smb:637 d:s;
in:663 out:664 type:b q:33.85 tex:8618 mv:7135 misc:1215 imb:89 pmb:432 smb:1239 d:s;
in:665 out:665 type:P q:31.80 tex:22125 mv:17560 misc:1499 imb:310 pmb:858 smb:608 d:s;
in:666 out:666 type:P q:32.47 tex:42296 mv:28579 misc:869 imb:633 pmb:939 smb:204 d:s;
in:667 out:667 type:P q:33.25 tex:52518 mv:31886 misc:476 imb:1291 pmb:422 smb:63 d:s;
in:668 out:668 type:P q:33.42 tex:44425 mv:28661 misc:514 imb:1355 pmb:340 smb:81 d:s;
in:669 out:669 type:P q:33.44 tex:40637 mv:26328 misc:843 imb:998 pmb:537 smb:241 d:s;
in:670 out:670 type:P q:33.44 tex:36347 mv:26756 misc:1193 imb:649 pmb:784 smb:343 d:s;
in:671 out:671 type:P q:33.69 tex:41368 mv:31028 misc:892 imb:772 pmb:817 smb:187 d:s;
in:672 out:672 type:P q:33.68 tex:38946 mv:28845 misc:681 imb:934 pmb:696 smb:146 d:s;
in:673 out:673 type:P q:33.36 tex:28473 mv:26111 misc:912 imb:624 pmb:926 smb:226 d:s;
in:674 out:674 type:P q:33.06 tex:25150 mv:25520 misc:1114 imb:545 pmb:919 smb:312 d:s;
in:675 out:675 type:P q:32.90 tex:24694 mv:25905 misc:1065 imb:477 pmb:1006 smb:293 d:s;
in:676 out:676 type:P q:32.69 tex:22440 mv:24454 misc:1314 imb:398 pmb:1019 smb:359 d:s;
in:677 out:677 type:P q:32.42 tex:20902 mv:22621 misc:1237 imb:336 pmb:1025 smb:415 d:s;
in:678 out:678 type:P q:32.38 tex:23955 mv:25029 misc:1136 imb:408 pmb:1108 smb:260 d:s;
in:679 out:679 type:P q:32.37 tex:24965 mv:24476 misc:1191 imb:481 pmb:917 smb:378 d:s;
in:680 out:680 type:P q:32.52 tex:27924 mv:25662 misc:1142 imb:559 pmb:910 smb:307 d:s;
in:681 out:681 type:P q:32.75 tex:30402 mv:26732 misc:1066 imb:541 pmb:967 smb:268 d:s;
in:682 out:682 type:P q:32.91 tex:28406 mv:24266 misc:1264 imb:444 pmb:927 smb:405 d:s;
in:684 out:683 type:P q:33.12 tex:37881 mv:24393 misc:1046 imb:719 pmb:694 smb:363 d:s;
in:683 out:684 type:b q:35.29 tex:15308 mv:10584 misc:1340 imb:294 pmb:553 smb:909 d:s;
in:685 out:685 type:P q:34.27 tex:57836 mv:34872 misc:692 imb:1143 pmb:381 smb:252 d:s;
in:686 out:686 type:P q:34.73 tex:54549 mv:34480 misc:603 imb:1147 pmb:449 smb:180 d:s;
in:687 out:687 type:P q:34.80 tex:47185 mv:32115 misc:540 imb:872 pmb:764 smb:140 d:s;
in:688 out:688 type:P q:34.55 tex:37108 mv:27336 misc:804 imb:616 pmb:928 smb:232 d:s;
in:689 out:689 type:P q:34.08 tex:29888 mv:23321 misc:1087 imb:423 pmb:1072 smb:281 d:s;
in:690 out:690 type:P q:33.64 tex:28356 mv:20131 misc:1305 imb:298 pmb:1051 smb:427 d:s;
in:691 out:691 type:P q:33.21 tex:26433 mv:17195 misc:1388 imb:232 pmb:1102 smb:442 d:s;
in:692 out:692 type:P q:32.78 tex:24587 mv:15373 misc:1272 imb:125 pmb:1273 smb:378 d:s;
in:694 out:693 type:P q:32.58 tex:26131 mv:17980 misc:1121 imb:137 pmb:1328 smb:311 d:s;
in:693 out:694 type:b q:34.95 tex:803 mv:1775 misc:846 imb:35 pmb:160 smb:1579 d:s;
in:696 out:695 type:P q:32.20 tex:10539 mv:10717 misc:1696 imb:81 pmb:913 smb:782 d:s;
in:695 out:696 type:b q:34.66 tex:3547 mv:3632 misc:1373 imb:38 pmb:412 smb:1322 d:s;
in:697 out:697 type:P q:31.89 tex:11964 mv:10418 misc:1794 imb:98 pmb:934 smb:744 d:s;
in:698 out:698 type:P q:31.78 tex:12438 mv:9935 misc:1731 imb:75 pmb:923 smb:778 d:s;
in:699 out:699 type:I q:30.24 tex:399 mv:536 misc:329 imb:1776 pmb:0 smb:0 d:s;
